Push>>>
Object| rule_stack
  Info| file:netknife1 trans:test level:1
  Rule| lineno:2 priority:100 s:display ip int b d:show ip int b
<<<
Push>>>
Object| rule_stack
  Info| file:netknife1 trans:test level:1
  Rule| lineno:3 priority:100 s:display ip int b d:show ip int b
<<<
Push>>>
Object| rule_stack
  Info| file:netknife1 trans:test level:1
  Rule| lineno:4 priority:100 s:display ip int b d:show ip int b
<<<
Push>>>
Object| rule_stack
  Info| file:netknife1 trans:test level:1
  Rule| lineno:5 priority:100 s:display ip int b d:show ip int b
<<<
Push>>>
Object| rule_stack
  Info| file:netknife1 trans:test level:1
  Rule| lineno:6 priority:100 s:display ip int b d:show ip int b
<<<
